<?xml version="1.0" encoding="UTF-8"?>
<!-- Generated by org.testng.reporters.JUnitReportReporter -->
<testsuite hostname="DESKTOP-AREV02Q" failures="0" tests="1" name="testScripts.Logintest" time="28.403" errors="0" timestamp="2023-08-08T11:03:45 IST" skipped="0">
  <testcase classname="testScripts.Logintest" name="validEmailPasswordloginpage" time="28.403"/>
  <system-out/>
</testsuite> <!-- testScripts.Logintest -->
