<?xml version="1.0" encoding="UTF-8"?>
<!-- Generated by org.testng.reporters.JUnitReportReporter -->
<testsuite hostname="DESKTOP-AREV02Q" failures="0" tests="4" name="testScripts.StartnewPermittest" time="128.053" errors="0" timestamp="2023-08-08T11:03:45 IST" skipped="0">
  <testcase classname="testScripts.StartnewPermittest" name="newPermitMainPage" time="21.096"/>
  <system-out/>
  <testcase classname="testScripts.StartnewPermittest" name="companyPage" time="5.402"/>
  <system-out/>
  <testcase classname="testScripts.StartnewPermittest" name="loadPage" time="22.826"/>
  <system-out/>
  <testcase classname="testScripts.StartnewPermittest" name="routePage" time="78.729"/>
  <system-out/>
</testsuite> <!-- testScripts.StartnewPermittest -->
